INFO 2020-07-11 18:48:31,281 - Calling the check_tech function
INFO 2020-07-11 18:50:05,615 - Calling the check_tech function
INFO 2020-07-11 18:51:25,590 - Calling the check_tech function
INFO 2020-07-11 18:51:29,182 - result after calling check_tech function False
INFO 2020-07-11 18:51:43,232 - Calling the check_tech function
INFO 2020-07-11 18:51:47,118 - result after calling check_tech function True
INFO 2020-07-11 20:38:05,092 - Calculating the size for creating a list
INFO 2020-07-11 20:38:05,093 - List memory size is 1008
INFO 2020-07-11 20:38:05,093 - Calculating the size for creating a tuple
INFO 2020-07-11 20:38:05,094 - Tuple memory size is 848
INFO 2020-07-11 20:40:43,337 - Calculating the time taken to processing a list
INFO 2020-07-11 20:40:43,883 - List processing time is 542.252262999682
INFO 2020-07-11 20:40:43,883 - Calculating the time taken to processing a tuple
INFO 2020-07-11 20:40:43,928 - Tuple processing time is 43.45661799925438
INFO 2020-07-12 11:10:29,918 - Employee Details are: name - s, Technologies - ['p', 'j'], personal_details - {'l': 't'}
INFO 2020-07-12 11:11:15,578 - Employee Details are: name - Sharath, Technologies - ['Python', ' SQL'], personal_details - {'loc': 'Toronto', 'Exp': '10'}
INFO 2020-07-12 11:12:43,100 - Employee Details are: name - Sharath, Technologies - ['Python', ' SQL'], personal_details - {'Loc': 'Toronto', 'Exp': '10'}
INFO 2020-07-12 11:19:16,329 - Employee Details are: name - Sharath, Technologies - ['Python', ' SQL'], personal_details - {'Loc': 'Toronto', 'Exp': '10'}
INFO 2020-07-12 11:32:35,103 - city that starts with A - Austin

INFO 2020-07-12 11:32:35,115 - city that starts with A - Amsterdam
INFO 2020-07-12 11:45:54,042 - Calling the check_tech function
INFO 2020-07-12 11:45:55,925 - result after calling check_tech function None
INFO 2020-07-12 11:46:07,022 - Calling the check_tech function
INFO 2020-07-12 11:46:09,919 - result after calling check_tech function None
INFO 2020-07-12 11:47:50,560 - Calling the check_tech function
INFO 2020-07-12 11:47:52,761 - result after calling check_tech function None
INFO 2020-07-12 11:49:16,169 - Calling the check_tech function
INFO 2020-07-12 11:49:17,148 - result after calling check_tech function None
INFO 2020-07-12 11:50:09,174 - Calling the check_tech function
INFO 2020-07-12 11:50:37,382 - Calling the check_tech function
INFO 2020-07-12 11:50:47,677 - result after calling check_tech function None
INFO 2020-07-12 11:51:09,537 - Calling the check_tech function
INFO 2020-07-12 11:51:11,047 - result after calling check_tech function None
INFO 2020-07-12 11:52:38,098 - Calling the check_tech function
INFO 2020-07-12 11:52:41,275 - result after calling check_tech function None
INFO 2020-07-12 11:56:01,598 - Calling the check_tech function
INFO 2020-07-12 11:56:02,963 - result after calling check_tech function False
INFO 2020-07-12 11:56:13,268 - Calling the check_tech function
INFO 2020-07-12 11:56:14,624 - result after calling check_tech function False
INFO 2020-07-12 11:57:06,811 - Calling the check_tech function
INFO 2020-07-12 11:57:08,061 - result after calling check_tech function False
INFO 2020-07-12 12:03:07,062 - Calling the check_tech function
INFO 2020-07-12 12:03:07,968 - result after calling check_tech function None
INFO 2020-07-12 12:03:21,415 - Calling the check_tech function
INFO 2020-07-12 12:03:23,023 - result after calling check_tech function None
